2025-06-28T20:19:36.2357364Z Current runner version: '2.325.0'
2025-06-28T20:19:36.2367356Z Runner name: 'gingerity'
2025-06-28T20:19:36.2368465Z Runner group name: 'Default'
2025-06-28T20:19:36.2369848Z Machine name: 'gingerity'
2025-06-28T20:19:36.2375056Z ##[group]GITHUB_TOKEN Permissions
2025-06-28T20:19:36.2378480Z Contents: read
2025-06-28T20:19:36.2379288Z Metadata: read
2025-06-28T20:19:36.2380074Z Packages: read
2025-06-28T20:19:36.2380884Z ##[endgroup]
2025-06-28T20:19:36.2383988Z Secret source: Actions
2025-06-28T20:19:36.2385052Z Prepare workflow directory
2025-06-28T20:19:36.2998376Z Prepare all required actions
2025-06-28T20:19:36.3059026Z Getting action download info
2025-06-28T20:19:36.8641941Z Download action repository 'actions/checkout@v4' (SHA:11bd71901bbe5b1630ceea73d27597364c9af683)
2025-06-28T20:19:37.6176186Z Complete job name: deploy
2025-06-28T20:19:37.7166073Z ##[group]Run actions/checkout@v4
2025-06-28T20:19:37.7168024Z with:
2025-06-28T20:19:37.7168816Z   repository: leetaar/gingerity-space-website
2025-06-28T20:19:37.7170234Z   token: ***
2025-06-28T20:19:37.7171074Z   ssh-strict: true
2025-06-28T20:19:37.7171794Z   ssh-user: git
2025-06-28T20:19:37.7172534Z   persist-credentials: true
2025-06-28T20:19:37.7173370Z   clean: true
2025-06-28T20:19:37.7174114Z   sparse-checkout-cone-mode: true
2025-06-28T20:19:37.7175019Z   fetch-depth: 1
2025-06-28T20:19:37.7175736Z   fetch-tags: false
2025-06-28T20:19:37.7176504Z   show-progress: true
2025-06-28T20:19:37.7177263Z   lfs: false
2025-06-28T20:19:37.7177950Z   submodules: false
2025-06-28T20:19:37.7178696Z   set-safe-directory: true
2025-06-28T20:19:37.7179920Z ##[endgroup]
2025-06-28T20:19:37.8582780Z Syncing repository: leetaar/gingerity-space-website
2025-06-28T20:19:37.8585937Z ##[group]Getting Git version info
2025-06-28T20:19:37.8588025Z Working directory is '/var/www/gingerity.space/actions-runner/_work/gingerity-space-website/gingerity-space-website'
2025-06-28T20:19:37.8590529Z [command]/usr/bin/git version
2025-06-28T20:19:37.8591414Z git version 2.39.5
2025-06-28T20:19:37.8603556Z ##[endgroup]
2025-06-28T20:19:37.8617813Z Copying '/home/marcin/.gitconfig' to '/var/www/gingerity.space/actions-runner/_work/_temp/40df1306-abc3-494f-be94-6ce3da3a2441/.gitconfig'
2025-06-28T20:19:37.8629689Z Temporarily overriding HOME='/var/www/gingerity.space/actions-runner/_work/_temp/40df1306-abc3-494f-be94-6ce3da3a2441' before making global git config changes
2025-06-28T20:19:37.8633333Z Adding repository directory to the temporary git global config as a safe directory
2025-06-28T20:19:37.8638435Z [command]/usr/bin/git config --global --add safe.directory /var/www/gingerity.space/actions-runner/_work/gingerity-space-website/gingerity-space-website
2025-06-28T20:19:37.8690783Z Deleting the contents of '/var/www/gingerity.space/actions-runner/_work/gingerity-space-website/gingerity-space-website'
2025-06-28T20:19:37.8694809Z ##[group]Initializing the repository
2025-06-28T20:19:37.8702988Z [command]/usr/bin/git init /var/www/gingerity.space/actions-runner/_work/gingerity-space-website/gingerity-space-website
2025-06-28T20:19:37.8727841Z hint: Using 'master' as the name for the initial branch. This default branch name
2025-06-28T20:19:37.8730912Z hint: is subject to change. To configure the initial branch name to use in all
2025-06-28T20:19:37.8734123Z hint: of your new repositories, which will suppress this warning, call:
2025-06-28T20:19:37.8735471Z hint: 
2025-06-28T20:19:37.8736397Z hint: 	git config --global init.defaultBranch <name>
2025-06-28T20:19:37.8737546Z hint: 
2025-06-28T20:19:37.8738574Z hint: Names commonly chosen instead of 'master' are 'main', 'trunk' and
2025-06-28T20:19:37.8740301Z hint: 'development'. The just-created branch can be renamed via this command:
2025-06-28T20:19:37.8744884Z hint: 
2025-06-28T20:19:37.8745694Z hint: 	git branch -m <name>
2025-06-28T20:19:37.8750845Z Initialized empty Git repository in /var/www/gingerity.space/actions-runner/_work/gingerity-space-website/gingerity-space-website/.git/
2025-06-28T20:19:37.8755358Z [command]/usr/bin/git remote add origin https://github.com/leetaar/gingerity-space-website
2025-06-28T20:19:37.8783639Z ##[endgroup]
2025-06-28T20:19:37.8785612Z ##[group]Disabling automatic garbage collection
2025-06-28T20:19:37.8786905Z [command]/usr/bin/git config --local gc.auto 0
2025-06-28T20:19:37.8818788Z ##[endgroup]
2025-06-28T20:19:37.8820513Z ##[group]Setting up auth
2025-06-28T20:19:37.8827487Z [command]/usr/bin/git config --local --name-only --get-regexp core\.sshCommand
2025-06-28T20:19:37.8859332Z [command]/usr/bin/git submodule foreach --recursive sh -c "git config --local --name-only --get-regexp 'core\.sshCommand' && git config --local --unset-all 'core.sshCommand' || :"
2025-06-28T20:19:37.9003270Z [command]/usr/bin/git config --local --name-only --get-regexp http\.https\:\/\/github\.com\/\.extraheader
2025-06-28T20:19:37.9035449Z [command]/usr/bin/git submodule foreach --recursive sh -c "git config --local --name-only --get-regexp 'http\.https\:\/\/github\.com\/\.extraheader' && git config --local --unset-all 'http.https://github.com/.extraheader' || :"
2025-06-28T20:19:37.9184609Z [command]/usr/bin/git config --local http.https://github.com/.extraheader AUTHORIZATION: basic ***
2025-06-28T20:19:37.9223854Z ##[endgroup]
2025-06-28T20:19:37.9225814Z ##[group]Fetching the repository
2025-06-28T20:19:37.9235828Z [command]/usr/bin/git -c protocol.version=2 fetch --no-tags --prune --no-recurse-submodules --depth=1 origin +a1df5d1e67a3b2ba16482f6c2371d19707d5eef6:refs/remotes/origin/main
2025-06-28T20:20:04.2868983Z From https://github.com/leetaar/gingerity-space-website
2025-06-28T20:20:04.2870299Z  * [new ref]         a1df5d1e67a3b2ba16482f6c2371d19707d5eef6 -> origin/main
2025-06-28T20:20:04.2892006Z ##[endgroup]
2025-06-28T20:20:04.2893854Z ##[group]Determining the checkout info
2025-06-28T20:20:04.2896071Z ##[endgroup]
2025-06-28T20:20:04.2904129Z [command]/usr/bin/git sparse-checkout disable
2025-06-28T20:20:04.2955429Z [command]/usr/bin/git config --local --unset-all extensions.worktreeConfig
2025-06-28T20:20:04.2996256Z ##[group]Checking out the ref
2025-06-28T20:20:04.3007831Z [command]/usr/bin/git checkout --progress --force -B main refs/remotes/origin/main
2025-06-28T20:20:05.4773464Z Updating files:   5% (252/4597)
2025-06-28T20:20:05.4808828Z Updating files:   6% (276/4597)
2025-06-28T20:20:05.4855182Z Updating files:   7% (322/4597)
2025-06-28T20:20:05.4909668Z Updating files:   8% (368/4597)
2025-06-28T20:20:05.4956738Z Updating files:   9% (414/4597)
2025-06-28T20:20:05.5002924Z Updating files:  10% (460/4597)
2025-06-28T20:20:05.5059407Z Updating files:  11% (506/4597)
2025-06-28T20:20:05.5085054Z Updating files:  12% (552/4597)
2025-06-28T20:20:05.5107569Z Updating files:  13% (598/4597)
2025-06-28T20:20:05.5131768Z Updating files:  14% (644/4597)
2025-06-28T20:20:05.5157783Z Updating files:  15% (690/4597)
2025-06-28T20:20:05.5179695Z Updating files:  16% (736/4597)
2025-06-28T20:20:05.5201230Z Updating files:  17% (782/4597)
2025-06-28T20:20:05.5224419Z Updating files:  18% (828/4597)
2025-06-28T20:20:05.5247617Z Updating files:  19% (874/4597)
2025-06-28T20:20:05.5270744Z Updating files:  20% (920/4597)
2025-06-28T20:20:05.5293082Z Updating files:  21% (966/4597)
2025-06-28T20:20:05.5315366Z Updating files:  22% (1012/4597)
2025-06-28T20:20:05.5339356Z Updating files:  23% (1058/4597)
2025-06-28T20:20:05.5360468Z Updating files:  24% (1104/4597)
2025-06-28T20:20:05.5382847Z Updating files:  25% (1150/4597)
2025-06-28T20:20:05.5514206Z Updating files:  26% (1196/4597)
2025-06-28T20:20:05.5514954Z Updating files:  27% (1242/4597)
2025-06-28T20:20:05.5515441Z Updating files:  28% (1288/4597)
2025-06-28T20:20:05.5515952Z Updating files:  29% (1334/4597)
2025-06-28T20:20:05.5516377Z Updating files:  30% (1380/4597)
2025-06-28T20:20:05.5542324Z Updating files:  31% (1426/4597)
2025-06-28T20:20:05.5543230Z Updating files:  32% (1472/4597)
2025-06-28T20:20:05.5560641Z Updating files:  33% (1518/4597)
2025-06-28T20:20:05.5580211Z Updating files:  34% (1563/4597)
2025-06-28T20:20:05.5601652Z Updating files:  35% (1609/4597)
2025-06-28T20:20:05.5620161Z Updating files:  36% (1655/4597)
2025-06-28T20:20:05.5638866Z Updating files:  37% (1701/4597)
2025-06-28T20:20:05.5658456Z Updating files:  38% (1747/4597)
2025-06-28T20:20:05.5677068Z Updating files:  39% (1793/4597)
2025-06-28T20:20:05.5696392Z Updating files:  40% (1839/4597)
2025-06-28T20:20:05.5716476Z Updating files:  41% (1885/4597)
2025-06-28T20:20:05.5734884Z Updating files:  42% (1931/4597)
2025-06-28T20:20:05.5759907Z Updating files:  43% (1977/4597)
2025-06-28T20:20:05.5778374Z Updating files:  44% (2023/4597)
2025-06-28T20:20:05.5794784Z Updating files:  45% (2069/4597)
2025-06-28T20:20:05.5813177Z Updating files:  46% (2115/4597)
2025-06-28T20:20:05.5831962Z Updating files:  47% (2161/4597)
2025-06-28T20:20:05.5851482Z Updating files:  48% (2207/4597)
2025-06-28T20:20:05.5871034Z Updating files:  49% (2253/4597)
2025-06-28T20:20:05.5889199Z Updating files:  50% (2299/4597)
2025-06-28T20:20:05.5907549Z Updating files:  51% (2345/4597)
2025-06-28T20:20:05.5928657Z Updating files:  52% (2391/4597)
2025-06-28T20:20:05.5954714Z Updating files:  53% (2437/4597)
2025-06-28T20:20:05.5972406Z Updating files:  54% (2483/4597)
2025-06-28T20:20:05.5999517Z Updating files:  55% (2529/4597)
2025-06-28T20:20:05.6037415Z Updating files:  56% (2575/4597)
2025-06-28T20:20:05.6082408Z Updating files:  57% (2621/4597)
2025-06-28T20:20:05.6102132Z Updating files:  58% (2667/4597)
2025-06-28T20:20:05.6125965Z Updating files:  59% (2713/4597)
2025-06-28T20:20:05.6162383Z Updating files:  60% (2759/4597)
2025-06-28T20:20:05.6191357Z Updating files:  61% (2805/4597)
2025-06-28T20:20:05.6213091Z Updating files:  62% (2851/4597)
2025-06-28T20:20:05.6232104Z Updating files:  63% (2897/4597)
2025-06-28T20:20:05.6254676Z Updating files:  64% (2943/4597)
2025-06-28T20:20:05.6273645Z Updating files:  65% (2989/4597)
2025-06-28T20:20:05.6302104Z Updating files:  66% (3035/4597)
2025-06-28T20:20:05.6328639Z Updating files:  67% (3080/4597)
2025-06-28T20:20:05.6354095Z Updating files:  68% (3126/4597)
2025-06-28T20:20:05.6372835Z Updating files:  69% (3172/4597)
2025-06-28T20:20:05.6391880Z Updating files:  70% (3218/4597)
2025-06-28T20:20:05.6413674Z Updating files:  71% (3264/4597)
2025-06-28T20:20:05.6432641Z Updating files:  72% (3310/4597)
2025-06-28T20:20:05.6450583Z Updating files:  73% (3356/4597)
2025-06-28T20:20:05.6465931Z Updating files:  74% (3402/4597)
2025-06-28T20:20:05.6484371Z Updating files:  75% (3448/4597)
2025-06-28T20:20:05.6509525Z Updating files:  76% (3494/4597)
2025-06-28T20:20:05.6539957Z Updating files:  77% (3540/4597)
2025-06-28T20:20:05.6562022Z Updating files:  78% (3586/4597)
2025-06-28T20:20:05.6586113Z Updating files:  79% (3632/4597)
2025-06-28T20:20:05.6620878Z Updating files:  80% (3678/4597)
2025-06-28T20:20:05.6642632Z Updating files:  81% (3724/4597)
2025-06-28T20:20:05.6661238Z Updating files:  82% (3770/4597)
2025-06-28T20:20:05.6680886Z Updating files:  83% (3816/4597)
2025-06-28T20:20:05.6707610Z Updating files:  84% (3862/4597)
2025-06-28T20:20:05.6729440Z Updating files:  85% (3908/4597)
2025-06-28T20:20:05.6765384Z Updating files:  86% (3954/4597)
2025-06-28T20:20:05.6824677Z Updating files:  87% (4000/4597)
2025-06-28T20:20:05.6844296Z Updating files:  88% (4046/4597)
2025-06-28T20:20:05.6866670Z Updating files:  89% (4092/4597)
2025-06-28T20:20:05.6890207Z Updating files:  90% (4138/4597)
2025-06-28T20:20:05.6911088Z Updating files:  91% (4184/4597)
2025-06-28T20:20:05.6930400Z Updating files:  92% (4230/4597)
2025-06-28T20:20:05.6942654Z Updating files:  93% (4276/4597)
2025-06-28T20:20:05.6963655Z Updating files:  94% (4322/4597)
2025-06-28T20:20:05.6980381Z Updating files:  95% (4368/4597)
2025-06-28T20:20:05.6999937Z Updating files:  96% (4414/4597)
2025-06-28T20:20:05.7017079Z Updating files:  97% (4460/4597)
2025-06-28T20:20:05.7034798Z Updating files:  98% (4506/4597)
2025-06-28T20:20:05.7206200Z Updating files:  99% (4552/4597)
2025-06-28T20:20:05.7206722Z Updating files: 100% (4597/4597)
2025-06-28T20:20:05.7207151Z 