[2025-06-28 20:16:22Z INFO HostContext] No proxy settings were found based on environmental variables (http_proxy/https_proxy/HTTP_PROXY/HTTPS_PROXY)
[2025-06-28 20:16:22Z INFO HostContext] Well known directory 'Bin': '/var/www/gingerity.space/actions-runner/bin'
[2025-06-28 20:16:22Z INFO HostContext] Well known directory 'Root': '/var/www/gingerity.space/actions-runner'
[2025-06-28 20:16:22Z INFO HostContext] Well known config file 'Credentials': '/var/www/gingerity.space/actions-runner/.credentials'
[2025-06-28 20:16:22Z INFO HostContext] Well known directory 'Bin': '/var/www/gingerity.space/actions-runner/bin'
[2025-06-28 20:16:22Z INFO HostContext] Well known directory 'Root': '/var/www/gingerity.space/actions-runner'
[2025-06-28 20:16:22Z INFO HostContext] Well known config file 'Runner': '/var/www/gingerity.space/actions-runner/.runner'
[2025-06-28 20:16:22Z INFO Listener] Runner is built for Linux (Arm64) - linux-arm64.
[2025-06-28 20:16:22Z INFO Listener] RuntimeInformation: Debian GNU/Linux 12 (bookworm).
[2025-06-28 20:16:22Z INFO Listener] Version: 2.325.0
[2025-06-28 20:16:22Z INFO Listener] Commit: 71ed7cd46223bd5d61633445946813012b502d54
[2025-06-28 20:16:22Z INFO Listener] Culture: en-GB
[2025-06-28 20:16:22Z INFO Listener] UI Culture: en-GB
[2025-06-28 20:16:22Z INFO HostContext] Well known directory 'Bin': '/var/www/gingerity.space/actions-runner/bin'
[2025-06-28 20:16:22Z INFO HostContext] Well known directory 'Root': '/var/www/gingerity.space/actions-runner'
[2025-06-28 20:16:22Z INFO Listener] Validating directory permissions for: '/var/www/gingerity.space/actions-runner'
[2025-06-28 20:16:22Z INFO CommandLineParser] Parse
[2025-06-28 20:16:22Z INFO CommandLineParser] Parsing 5 args
[2025-06-28 20:16:22Z INFO CommandLineParser] parsing argument
[2025-06-28 20:16:22Z INFO CommandLineParser] HasArgs: False
[2025-06-28 20:16:22Z INFO CommandLineParser] Adding Command: configure
[2025-06-28 20:16:22Z INFO CommandLineParser] parsing argument
[2025-06-28 20:16:22Z INFO CommandLineParser] HasArgs: True
[2025-06-28 20:16:22Z INFO CommandLineParser] arg: url
[2025-06-28 20:16:22Z INFO CommandLineParser] parsing argument
[2025-06-28 20:16:22Z INFO CommandLineParser] HasArgs: True
[2025-06-28 20:16:22Z INFO CommandLineParser] Adding option 'url': 'https://github.com/leetaar/gingerity-space-website'
[2025-06-28 20:16:22Z INFO CommandLineParser] parsing argument
[2025-06-28 20:16:22Z INFO CommandLineParser] HasArgs: True
[2025-06-28 20:16:22Z INFO CommandLineParser] arg: token
[2025-06-28 20:16:22Z INFO CommandLineParser] parsing argument
[2025-06-28 20:16:22Z INFO CommandLineParser] HasArgs: True
[2025-06-28 20:16:22Z INFO CommandLineParser] Adding option 'token': '***'
[2025-06-28 20:16:22Z INFO Listener] Arguments parsed
[2025-06-28 20:16:22Z INFO Runner] ExecuteCommand
[2025-06-28 20:16:22Z INFO ConfigurationStore] currentAssemblyLocation: /var/www/gingerity.space/actions-runner/bin/Runner.Listener.dll
[2025-06-28 20:16:22Z INFO HostContext] Well known directory 'Bin': '/var/www/gingerity.space/actions-runner/bin'
[2025-06-28 20:16:22Z INFO ConfigurationStore] binPath: /var/www/gingerity.space/actions-runner/bin
[2025-06-28 20:16:22Z INFO HostContext] Well known directory 'Bin': '/var/www/gingerity.space/actions-runner/bin'
[2025-06-28 20:16:22Z INFO HostContext] Well known directory 'Root': '/var/www/gingerity.space/actions-runner'
[2025-06-28 20:16:22Z INFO ConfigurationStore] RootFolder: /var/www/gingerity.space/actions-runner
[2025-06-28 20:16:22Z INFO HostContext] Well known directory 'Bin': '/var/www/gingerity.space/actions-runner/bin'
[2025-06-28 20:16:22Z INFO HostContext] Well known directory 'Root': '/var/www/gingerity.space/actions-runner'
[2025-06-28 20:16:22Z INFO HostContext] Well known config file 'Runner': '/var/www/gingerity.space/actions-runner/.runner'
[2025-06-28 20:16:22Z INFO ConfigurationStore] ConfigFilePath: /var/www/gingerity.space/actions-runner/.runner
[2025-06-28 20:16:22Z INFO HostContext] Well known directory 'Bin': '/var/www/gingerity.space/actions-runner/bin'
[2025-06-28 20:16:22Z INFO HostContext] Well known directory 'Root': '/var/www/gingerity.space/actions-runner'
[2025-06-28 20:16:22Z INFO HostContext] Well known config file 'MigratedRunner': '/var/www/gingerity.space/actions-runner/.runner_migrated'
[2025-06-28 20:16:22Z INFO ConfigurationStore] MigratedConfigFilePath: /var/www/gingerity.space/actions-runner/.runner_migrated
[2025-06-28 20:16:22Z INFO HostContext] Well known directory 'Bin': '/var/www/gingerity.space/actions-runner/bin'
[2025-06-28 20:16:22Z INFO HostContext] Well known directory 'Root': '/var/www/gingerity.space/actions-runner'
[2025-06-28 20:16:22Z INFO HostContext] Well known config file 'Credentials': '/var/www/gingerity.space/actions-runner/.credentials'
[2025-06-28 20:16:22Z INFO ConfigurationStore] CredFilePath: /var/www/gingerity.space/actions-runner/.credentials
[2025-06-28 20:16:22Z INFO HostContext] Well known directory 'Bin': '/var/www/gingerity.space/actions-runner/bin'
[2025-06-28 20:16:22Z INFO HostContext] Well known directory 'Root': '/var/www/gingerity.space/actions-runner'
[2025-06-28 20:16:22Z INFO HostContext] Well known config file 'MigratedCredentials': '/var/www/gingerity.space/actions-runner/.credentials_migrated'
[2025-06-28 20:16:22Z INFO ConfigurationStore] MigratedCredFilePath: /var/www/gingerity.space/actions-runner/.credentials_migrated
[2025-06-28 20:16:22Z INFO HostContext] Well known directory 'Bin': '/var/www/gingerity.space/actions-runner/bin'
[2025-06-28 20:16:22Z INFO HostContext] Well known directory 'Root': '/var/www/gingerity.space/actions-runner'
[2025-06-28 20:16:22Z INFO HostContext] Well known config file 'Service': '/var/www/gingerity.space/actions-runner/.service'
[2025-06-28 20:16:22Z INFO ConfigurationStore] ServiceConfigFilePath: /var/www/gingerity.space/actions-runner/.service
[2025-06-28 20:16:22Z INFO CommandSettings] Flag 'help': 'False'
[2025-06-28 20:16:22Z INFO CommandSettings] Flag 'version': 'False'
[2025-06-28 20:16:22Z INFO CommandSettings] Flag 'commit': 'False'
[2025-06-28 20:16:22Z INFO CommandSettings] Flag 'check': 'False'
[2025-06-28 20:16:22Z INFO CommandSettings] Command 'configure': 'True'
[2025-06-28 20:16:22Z INFO Terminal] WRITE LINE: 
[2025-06-28 20:16:22Z INFO Terminal] WRITE LINE: --------------------------------------------------------------------------------
[2025-06-28 20:16:22Z INFO Terminal] WRITE LINE: |        ____ _ _   _   _       _          _        _   _                      |
[2025-06-28 20:16:22Z INFO Terminal] WRITE LINE: |       / ___(_) |_| | | |_   _| |__      / \   ___| |_(_) ___  _ __  ___      |
[2025-06-28 20:16:22Z INFO Terminal] WRITE LINE: |      | |  _| | __| |_| | | | | '_ \    / _ \ / __| __| |/ _ \| '_ \/ __|     |
[2025-06-28 20:16:22Z INFO Terminal] WRITE LINE: |      | |_| | | |_|  _  | |_| | |_) |  / ___ \ (__| |_| | (_) | | | \__ \     |
[2025-06-28 20:16:22Z INFO Terminal] WRITE LINE: |       \____|_|\__|_| |_|\__,_|_.__/  /_/   \_\___|\__|_|\___/|_| |_|___/     |
[2025-06-28 20:16:22Z INFO Terminal] WRITE LINE: |                                                                              |
[2025-06-28 20:16:22Z INFO Terminal] WRITE: |                       
[2025-06-28 20:16:22Z INFO Terminal] WRITE: Self-hosted runner registration
[2025-06-28 20:16:22Z INFO Terminal] WRITE LINE:                         |
[2025-06-28 20:16:22Z INFO Terminal] WRITE LINE: |                                                                              |
[2025-06-28 20:16:22Z INFO Terminal] WRITE LINE: --------------------------------------------------------------------------------
[2025-06-28 20:16:22Z INFO ConfigurationManager] ConfigureAsync
[2025-06-28 20:16:22Z INFO CommandSettings] Flag 'generateServiceConfig': 'False'
[2025-06-28 20:16:22Z INFO ConfigurationStore] IsConfigured()
[2025-06-28 20:16:22Z INFO ConfigurationStore] IsConfigured: False
[2025-06-28 20:16:22Z INFO ConfigurationManager] Is configured: False
[2025-06-28 20:16:22Z INFO CommandSettings] Arg 'url': 'https://github.com/leetaar/gingerity-space-website'
[2025-06-28 20:16:22Z INFO CommandSettings] Remove url from Arg dictionary.
[2025-06-28 20:16:22Z INFO CommandSettings] Arg 'token': '***'
[2025-06-28 20:16:22Z INFO CommandSettings] Remove token from Arg dictionary.
[2025-06-28 20:16:22Z INFO ConfigurationManager] Http response code: OK from 'POST https://api.github.com/actions/runner-registration' (979E:2E7628:2862D6C:29E8446:68604D96)
[2025-06-28 20:16:22Z INFO ConfigurationManager] Using V2 flow: False
[2025-06-28 20:16:22Z INFO ConfigurationManager] cred retrieved via GitHub auth
[2025-06-28 20:16:22Z INFO RunnerServer] EstablishVssConnection
[2025-06-28 20:16:22Z INFO RunnerServer] Establish connection with 100 seconds timeout.
[2025-06-28 20:16:22Z INFO GitHubActionsService] Starting operation Location.GetConnectionData
[2025-06-28 20:16:22Z INFO RunnerServer] EstablishVssConnection
[2025-06-28 20:16:22Z INFO RunnerServer] Establish connection with 60 seconds timeout.
[2025-06-28 20:16:22Z INFO GitHubActionsService] Starting operation Location.GetConnectionData
[2025-06-28 20:16:22Z INFO RunnerServer] EstablishVssConnection
[2025-06-28 20:16:22Z INFO RunnerServer] Establish connection with 60 seconds timeout.
[2025-06-28 20:16:22Z INFO GitHubActionsService] Starting operation Location.GetConnectionData
[2025-06-28 20:16:23Z INFO GitHubActionsService] Finished operation Location.GetConnectionData
[2025-06-28 20:16:23Z INFO GitHubActionsService] Finished operation Location.GetConnectionData
[2025-06-28 20:16:23Z INFO GitHubActionsService] Finished operation Location.GetConnectionData
[2025-06-28 20:16:23Z INFO Terminal] WRITE LINE: 
[2025-06-28 20:16:23Z INFO ConfigurationManager] Test Connection complete.
[2025-06-28 20:16:23Z INFO HostContext] Well known directory 'Bin': '/var/www/gingerity.space/actions-runner/bin'
[2025-06-28 20:16:23Z INFO HostContext] Well known directory 'Root': '/var/www/gingerity.space/actions-runner'
[2025-06-28 20:16:23Z INFO HostContext] Well known config file 'RSACredentials': '/var/www/gingerity.space/actions-runner/.credentials_rsaparams'
[2025-06-28 20:16:23Z INFO RSAFileKeyManager] Creating new RSA key using 2048-bit key length
[2025-06-28 20:16:24Z INFO RSAFileKeyManager] Successfully saved RSA key parameters to file /var/www/gingerity.space/actions-runner/.credentials_rsaparams
[2025-06-28 20:16:24Z INFO RSAFileKeyManager] Which2: 'chmod'
[2025-06-28 20:16:24Z INFO RSAFileKeyManager] Location: '/usr/bin/chmod'
[2025-06-28 20:16:24Z INFO HostContext] Well known directory 'Bin': '/var/www/gingerity.space/actions-runner/bin'
[2025-06-28 20:16:24Z INFO HostContext] Well known directory 'Root': '/var/www/gingerity.space/actions-runner'
[2025-06-28 20:16:24Z INFO ProcessInvokerWrapper] Starting process:
[2025-06-28 20:16:24Z INFO ProcessInvokerWrapper]   File name: '/usr/bin/chmod'
[2025-06-28 20:16:24Z INFO ProcessInvokerWrapper]   Arguments: '600 /var/www/gingerity.space/actions-runner/.credentials_rsaparams'
[2025-06-28 20:16:24Z INFO ProcessInvokerWrapper]   Working directory: '/var/www/gingerity.space/actions-runner'
[2025-06-28 20:16:24Z INFO ProcessInvokerWrapper]   Require exit code zero: 'False'
[2025-06-28 20:16:24Z INFO ProcessInvokerWrapper]   Encoding web name:  ; code page: ''
[2025-06-28 20:16:24Z INFO ProcessInvokerWrapper]   Force kill process on cancellation: 'False'
[2025-06-28 20:16:24Z INFO ProcessInvokerWrapper]   Redirected STDIN: 'False'
[2025-06-28 20:16:24Z INFO ProcessInvokerWrapper]   Persist current code page: 'False'
[2025-06-28 20:16:24Z INFO ProcessInvokerWrapper]   Keep redirected STDIN open: 'False'
[2025-06-28 20:16:24Z INFO ProcessInvokerWrapper]   High priority process: 'False'
[2025-06-28 20:16:24Z INFO ProcessInvokerWrapper] Process started with process id 5208, waiting for process exit.
[2025-06-28 20:16:24Z INFO ProcessInvokerWrapper] STDOUT/STDERR stream read finished.
[2025-06-28 20:16:24Z INFO ProcessInvokerWrapper] STDOUT/STDERR stream read finished.
[2025-06-28 20:16:24Z INFO ProcessInvokerWrapper] Finished process 5208 with exit code 0, and elapsed time 00:00:00.0048257.
[2025-06-28 20:16:24Z INFO RSAFileKeyManager] Successfully set permissions for RSA key parameters file /var/www/gingerity.space/actions-runner/.credentials_rsaparams
[2025-06-28 20:16:24Z INFO CommandSettings] Arg 'runnergroup': ''
[2025-06-28 20:16:24Z INFO CommandSettings] Flag 'unattended': 'False'
[2025-06-28 20:16:24Z INFO PromptManager] ReadValue
[2025-06-28 20:16:24Z INFO Terminal] WRITE: Enter the name of the runner group to add this runner to: 
[2025-06-28 20:16:24Z INFO Terminal] WRITE: [press Enter for Default] 
[2025-06-28 20:16:24Z INFO Terminal] READ LINE
[2025-06-28 20:16:27Z INFO Terminal] Read value: ''
[2025-06-28 20:16:27Z INFO PromptManager] Falling back to the default: 'Default'
[2025-06-28 20:16:27Z INFO Terminal] WRITE LINE: 
[2025-06-28 20:16:27Z INFO ConfigurationManager] Found a self-hosted runner group with id 1 and name Default
[2025-06-28 20:16:27Z INFO CommandSettings] Flag 'disableupdate': 'False'
[2025-06-28 20:16:27Z INFO CommandSettings] Flag 'ephemeral': 'False'
[2025-06-28 20:16:27Z INFO CommandSettings] Arg 'name': ''
[2025-06-28 20:16:27Z INFO CommandSettings] Flag 'unattended': 'False'
[2025-06-28 20:16:27Z INFO PromptManager] ReadValue
[2025-06-28 20:16:27Z INFO Terminal] WRITE: Enter the name of runner: 
[2025-06-28 20:16:27Z INFO Terminal] WRITE: [press Enter for gingerity] 
[2025-06-28 20:16:27Z INFO Terminal] READ LINE
[2025-06-28 20:16:29Z INFO Terminal] Read value: ''
[2025-06-28 20:16:29Z INFO PromptManager] Falling back to the default: 'gingerity'
[2025-06-28 20:16:29Z INFO Terminal] WRITE LINE: 
[2025-06-28 20:16:29Z INFO CommandSettings] Arg 'labels': ''
[2025-06-28 20:16:29Z INFO CommandSettings] Flag 'unattended': 'False'
[2025-06-28 20:16:29Z INFO PromptManager] ReadValue
[2025-06-28 20:16:29Z INFO Terminal] WRITE: This runner will have the following labels: 'self-hosted', 'Linux', 'ARM64' 
Enter any additional labels (ex. label-1,label-2): 
[2025-06-28 20:16:29Z INFO Terminal] WRITE: [press Enter to skip] 
[2025-06-28 20:16:29Z INFO Terminal] READ LINE
[2025-06-28 20:16:34Z INFO Terminal] Read value: ''
[2025-06-28 20:16:34Z INFO Terminal] WRITE LINE: 
[2025-06-28 20:16:34Z INFO CommandSettings] Flag 'disableupdate': 'False'
[2025-06-28 20:16:34Z INFO CommandSettings] Flag 'no-default-labels': 'False'
[2025-06-28 20:16:34Z INFO CommandSettings] Flag 'disableupdate': 'False'
[2025-06-28 20:16:34Z INFO CommandSettings] Flag 'ephemeral': 'False'
[2025-06-28 20:16:34Z INFO ConfigurationStore] Saving OAuth credential @ /var/www/gingerity.space/actions-runner/.credentials
[2025-06-28 20:16:34Z INFO ConfigurationStore] Credentials Saved.
[2025-06-28 20:16:34Z INFO ConfigurationStore] HasCredentials()
[2025-06-28 20:16:34Z INFO ConfigurationStore] stored True
[2025-06-28 20:16:34Z INFO CredentialManager] GetCredentialProvider
[2025-06-28 20:16:34Z INFO CredentialManager] Creating type OAuth
[2025-06-28 20:16:34Z INFO CredentialManager] Creating credential type: OAuth
[2025-06-28 20:16:34Z INFO RSAFileKeyManager] Loading RSA key parameters from file /var/www/gingerity.space/actions-runner/.credentials_rsaparams
[2025-06-28 20:16:34Z INFO RunnerServer] EstablishVssConnection
[2025-06-28 20:16:34Z INFO RunnerServer] Establish connection with 100 seconds timeout.
[2025-06-28 20:16:34Z INFO GitHubActionsService] Starting operation Location.GetConnectionData
[2025-06-28 20:16:34Z INFO RunnerServer] EstablishVssConnection
[2025-06-28 20:16:34Z INFO RunnerServer] Establish connection with 60 seconds timeout.
[2025-06-28 20:16:34Z INFO GitHubActionsService] Starting operation Location.GetConnectionData
[2025-06-28 20:16:34Z INFO RunnerServer] EstablishVssConnection
[2025-06-28 20:16:34Z INFO RunnerServer] Establish connection with 60 seconds timeout.
[2025-06-28 20:16:34Z INFO GitHubActionsService] Starting operation Location.GetConnectionData
[2025-06-28 20:16:35Z INFO GitHubActionsService] Finished operation Location.GetConnectionData
[2025-06-28 20:16:35Z INFO GitHubActionsService] Finished operation Location.GetConnectionData
[2025-06-28 20:16:35Z INFO GitHubActionsService] Finished operation Location.GetConnectionData
[2025-06-28 20:16:35Z INFO RSAFileKeyManager] Loading RSA key parameters from file /var/www/gingerity.space/actions-runner/.credentials_rsaparams
[2025-06-28 20:16:35Z INFO RSAFileKeyManager] Loading RSA key parameters from file /var/www/gingerity.space/actions-runner/.credentials_rsaparams
[2025-06-28 20:16:35Z INFO GitHubActionsService] AAD Correlation ID for this token request: Unknown
[2025-06-28 20:16:36Z INFO ConfigurationManager] Service enforced serverUrlV2: https://broker.actions.githubusercontent.com/
[2025-06-28 20:16:36Z INFO ConfigurationManager] Service enforced useV2Flow: True
[2025-06-28 20:16:36Z INFO CommandSettings] Arg 'work': ''
[2025-06-28 20:16:36Z INFO CommandSettings] Flag 'unattended': 'False'
[2025-06-28 20:16:36Z INFO PromptManager] ReadValue
[2025-06-28 20:16:36Z INFO Terminal] WRITE: Enter name of work folder: 
[2025-06-28 20:16:36Z INFO Terminal] WRITE: [press Enter for _work] 
[2025-06-28 20:16:36Z INFO Terminal] READ LINE
[2025-06-28 20:16:38Z INFO Terminal] Read value: ''
[2025-06-28 20:16:38Z INFO PromptManager] Falling back to the default: '_work'
[2025-06-28 20:16:38Z INFO ConfigurationStore] Saving runner settings.
[2025-06-28 20:16:38Z INFO ConfigurationStore] Settings Saved.
[2025-06-28 20:16:38Z INFO Terminal] WRITE LINE: 
[2025-06-28 20:16:38Z INFO Terminal] WRITE LINE: 
[2025-06-28 20:16:38Z INFO SystemDControlManager] Service name 'actions.runner.leetaar-gingerity-space-website.gingerity.service' display name 'GitHub Actions Runner (leetaar-gingerity-space-website.gingerity)' will be used for service configuration.
[2025-06-28 20:16:38Z INFO HostContext] Well known directory 'Bin': '/var/www/gingerity.space/actions-runner/bin'
[2025-06-28 20:16:38Z INFO HostContext] Well known directory 'Root': '/var/www/gingerity.space/actions-runner'
[2025-06-28 20:16:38Z INFO HostContext] Well known directory 'Bin': '/var/www/gingerity.space/actions-runner/bin'
[2025-06-28 20:16:38Z INFO HostContext] Well known directory 'Bin': '/var/www/gingerity.space/actions-runner/bin'
[2025-06-28 20:16:38Z INFO HostContext] Well known directory 'Root': '/var/www/gingerity.space/actions-runner'
[2025-06-28 20:16:38Z INFO UnixUtil] Which2: 'chmod'
[2025-06-28 20:16:38Z INFO UnixUtil] Location: '/usr/bin/chmod'
[2025-06-28 20:16:38Z INFO UnixUtil] Running /usr/bin/chmod 755 "/var/www/gingerity.space/actions-runner/svc.sh"
[2025-06-28 20:16:38Z INFO ProcessInvokerWrapper] Starting process:
[2025-06-28 20:16:38Z INFO ProcessInvokerWrapper]   File name: '/usr/bin/chmod'
[2025-06-28 20:16:38Z INFO ProcessInvokerWrapper]   Arguments: '755 "/var/www/gingerity.space/actions-runner/svc.sh"'
[2025-06-28 20:16:38Z INFO ProcessInvokerWrapper]   Working directory: '/var/www/gingerity.space/actions-runner'
[2025-06-28 20:16:38Z INFO ProcessInvokerWrapper]   Require exit code zero: 'True'
[2025-06-28 20:16:38Z INFO ProcessInvokerWrapper]   Encoding web name:  ; code page: ''
[2025-06-28 20:16:38Z INFO ProcessInvokerWrapper]   Force kill process on cancellation: 'False'
[2025-06-28 20:16:38Z INFO ProcessInvokerWrapper]   Redirected STDIN: 'False'
[2025-06-28 20:16:38Z INFO ProcessInvokerWrapper]   Persist current code page: 'False'
[2025-06-28 20:16:38Z INFO ProcessInvokerWrapper]   Keep redirected STDIN open: 'False'
[2025-06-28 20:16:38Z INFO ProcessInvokerWrapper]   High priority process: 'False'
[2025-06-28 20:16:38Z INFO ProcessInvokerWrapper] Updated oom_score_adj to 500 for PID: 5213.
[2025-06-28 20:16:38Z INFO ProcessInvokerWrapper] Process started with process id 5213, waiting for process exit.
[2025-06-28 20:16:38Z INFO ProcessInvokerWrapper] STDOUT/STDERR stream read finished.
[2025-06-28 20:16:38Z INFO ProcessInvokerWrapper] STDOUT/STDERR stream read finished.
[2025-06-28 20:16:38Z INFO ProcessInvokerWrapper] Finished process 5213 with exit code 0, and elapsed time 00:00:00.0045685.
[2025-06-28 20:16:38Z INFO Listener] Runner execution has finished with return code 0
